[10:00:40] [main/INFO]: Loading Minecraft 1.20.1 with Fabric Loader 0.15.7
[10:00:41] [main/WARN]: Warnings were found!
 - Mod 'Dynamic Lights' (dynamiclights) 1.7.1+mod recommends any version of modmenu, which is missing!
	 - You should install any version of modmenu for the optimal experience.
 - Mod 'Dynamic Lights' (dynamiclights) 1.7.1+mod recommends any version of modmenu-badges-lib, which is missing!
	 - You should install any version of modmenu-badges-lib for the optimal experience.
 - Mod 'Dynamic Lights' (dynamiclights) 1.7.1+mod recommends any version of midnightlib, which is missing!
	 - You should install any version of midnightlib for the optimal experience.
[10:00:41] [main/INFO]: Loading 75 mods:
	- adorn 5.0.1+1.20.1
	- architectury 9.2.14
	- balm-fabric 7.2.2
	- beansbackpacks 0.23-v2
	- chunky 1.3.138
	- cobblemon 1.4.1+1.20.1
	- cobblemounts 1.2.1
	   \-- com_moandjiezana_toml_toml4j 0.7.2
	- dynamiclights 1.7.1+mod
	- fabric-api 0.92.0+1.20.1
	   |-- fabric-api-base 0.4.31+1802ada577
	   |-- fabric-api-lookup-api-v1 1.6.36+1802ada577
	   |-- fabric-biome-api-v1 13.0.13+1802ada577
	   |-- fabric-block-api-v1 1.0.11+1802ada577
	   |-- fabric-block-view-api-v2 1.0.1+1802ada577
	   |-- fabric-blockrenderlayer-v1 1.1.41+1802ada577
	   |-- fabric-client-tags-api-v1 1.1.2+1802ada577
	   |-- fabric-command-api-v1 1.2.34+f71b366f77
	   |-- fabric-command-api-v2 2.2.13+1802ada577
	   |-- fabric-commands-v0 0.2.51+df3654b377
	   |-- fabric-containers-v0 0.1.64+df3654b377
	   |-- fabric-content-registries-v0 4.0.11+1802ada577
	   |-- fabric-convention-tags-v1 1.5.5+1802ada577
	   |-- fabric-crash-report-info-v1 0.2.19+1802ada577
	   |-- fabric-data-attachment-api-v1 1.0.0+de0fd6d177
	   |-- fabric-data-generation-api-v1 12.3.4+1802ada577
	   |-- fabric-dimensions-v1 2.1.54+1802ada577
	   |-- fabric-entity-events-v1 1.6.0+1c78457f77
	   |-- fabric-events-interaction-v0 0.6.2+1802ada577
	   |-- fabric-events-lifecycle-v0 0.2.63+df3654b377
	   |-- fabric-game-rule-api-v1 1.0.40+1802ada577
	   |-- fabric-item-api-v1 2.1.28+1802ada577
	   |-- fabric-item-group-api-v1 4.0.12+1802ada577
	   |-- fabric-key-binding-api-v1 1.0.37+1802ada577
	   |-- fabric-keybindings-v0 0.2.35+df3654b377
	   |-- fabric-lifecycle-events-v1 2.2.22+1802ada577
	   |-- fabric-loot-api-v2 1.2.1+1802ada577
	   |-- fabric-loot-tables-v1 1.1.45+9e7660c677
	   |-- fabric-message-api-v1 5.1.9+1802ada577
	   |-- fabric-mining-level-api-v1 2.1.50+1802ada577
	   |-- fabric-model-loading-api-v1 1.0.3+1802ada577
	   |-- fabric-models-v0 0.4.2+9386d8a777
	   |-- fabric-networking-api-v1 1.3.11+1802ada577
	   |-- fabric-networking-v0 0.3.51+df3654b377
	   |-- fabric-object-builder-api-v1 11.1.3+1802ada577
	   |-- fabric-particles-v1 1.1.2+1802ada577
	   |-- fabric-recipe-api-v1 1.0.21+1802ada577
	   |-- fabric-registry-sync-v0 2.3.3+1802ada577
	   |-- fabric-renderer-api-v1 3.2.1+1802ada577
	   |-- fabric-renderer-indigo 1.5.1+1802ada577
	   |-- fabric-renderer-registries-v1 3.2.46+df3654b377
	   |-- fabric-rendering-data-attachment-v1 0.3.37+92a0d36777
	   |-- fabric-rendering-fluids-v1 3.0.28+1802ada577
	   |-- fabric-rendering-v0 1.1.49+df3654b377
	   |-- fabric-rendering-v1 3.0.8+1802ada577
	   |-- fabric-resource-conditions-api-v1 2.3.8+1802ada577
	   |-- fabric-resource-loader-v0 0.11.10+1802ada577
	   |-- fabric-screen-api-v1 2.0.8+1802ada577
	   |-- fabric-screen-handler-api-v1 1.3.30+1802ada577
	   |-- fabric-sound-api-v1 1.0.13+1802ada577
	   |-- fabric-transfer-api-v1 3.3.4+1802ada577
	   \-- fabric-transitive-access-wideners-v1 4.3.1+1802ada577
	- fabric-language-kotlin 1.10.19+kotlin.1.9.23
	   |-- org_jetbrains_kotlin_kotlin-reflect 1.9.23
	   |-- org_jetbrains_kotlin_kotlin-stdlib 1.9.23
	   |-- org_jetbrains_kotlin_kotlin-stdlib-jdk7 1.9.23
	   |-- org_jetbrains_kotlin_kotlin-stdlib-jdk8 1.9.23
	   |-- org_jetbrains_kotlinx_atomicfu-jvm 0.23.2
	   |-- org_jetbrains_kotlinx_kotlinx-coroutines-core-jvm 1.8.0
	   |-- org_jetbrains_kotlinx_kotlinx-coroutines-jdk8 1.8.0
	   |-- org_jetbrains_kotlinx_kotlinx-datetime-jvm 0.5.0
	   |-- org_jetbrains_kotlinx_kotlinx-serialization-cbor-jvm 1.6.3
	   |-- org_jetbrains_kotlinx_kotlinx-serialization-core-jvm 1.6.3
	   \-- org_jetbrains_kotlinx_kotlinx-serialization-json-jvm 1.6.3
	- fabricloader 0.15.7
	   \-- mixinextras 0.3.5
	- fallingtree 4.3.4
	- ferritecore 6.0.1
	- fightorflight 0.5.0
	   \-- cloth-config 11.1.106
	        \-- cloth-basic-math 0.6.1
	- java 21
	- letmedespawn 1.2.0
	- lithium 0.11.2
	- minecraft 1.20.1
	- mr_veinminer 1.1.0
	- noisium 2.0.1+mc1.20.x
	   \-- mixinextras 0.3.5
	- waystones 14.1.3
[10:00:41] [main/INFO]: SpongePowered MIXIN Subsystem Version=0.8.5 Source=file:/home/user/mcs/libraries/net/fabricmc/sponge-mixin/0.12.5+mixin.0.8.5/sponge-mixin-0.12.5+mixin.0.8.5.jar Service=Knot/Fabric Env=SERVER
[10:00:41] [main/INFO]: Compatibility level set to JAVA_16
[10:00:42] [main/INFO]: Compatibility level set to JAVA_17
[10:00:42] [main/INFO]: Loaded configuration file for Lithium: 115 options available, 1 override(s) found
[10:00:43] [main/WARN]: Force-disabling mixin 'alloc.blockstate.StateMixin' as rule 'mixin.alloc.blockstate' (added by mods [ferritecore]) disables it and children
[10:00:43] [main/INFO]: Initializing MixinExtras via com.llamalad7.mixinextras.service.MixinExtrasServiceImpl(version=0.3.5).
[10:00:56] [main/INFO]: Initializing Beans' Backpacks Constants
[10:00:56] [main/INFO]: Initializing Beans' Backpacks Common
[10:00:56] [main/INFO]: Registering Sounds for beansbackpacks
[10:00:56] [main/INFO]: Initializing Beans' Backpacks Fabric
[10:00:56] [main/INFO]: Booting LaxPermissionValidator, permissions will be checked using Minecrafts permission level system, see https://minecraft.fandom.com/wiki/Permission_level
[10:00:56] [main/ERROR]: No data fixer registered for cobblemon:pokemon
[10:00:56] [main/ERROR]: No data fixer registered for cobblemon:empty_pokeball
[10:00:56] [main/ERROR]: No data fixer registered for cobblemon:boat
[10:00:56] [main/ERROR]: No data fixer registered for cobblemon:chest_boat
[10:00:57] [main/INFO]: Starting the Best Spawner...
[10:00:57] [main/INFO]: Loaded 5 spawning condition types.
[10:00:57] [main/INFO]: Loaded 5 spawning context types.
[10:00:57] [main/INFO]: Loaded 1 spawn detail types.
[10:00:57] [Cobblemon Showdown/INFO]: Starting showdown service...
[10:01:01] [Cobblemon Showdown/INFO]: Showdown has been started!
[10:01:01] [main/INFO]: Note: Cobblemon data registries are only loaded once per server instance as Pokémon species are not safe to reload.
[10:01:01] [main/INFO]: Registered the cobblemon:species_features registry
[10:01:01] [main/INFO]: Registered the cobblemon:global_species_features registry
[10:01:01] [main/INFO]: Registered the cobblemon:species_feature_assignments registry
[10:01:01] [main/INFO]: Registered the cobblemon:moves registry
[10:01:01] [main/INFO]: Registered the cobblemon:abilities registry
[10:01:01] [main/INFO]: Registered the cobblemon:species registry
[10:01:01] [main/INFO]: Registered the cobblemon:species_additions registry
[10:01:01] [main/INFO]: Registered the cobblemon:pokeballs registry
[10:01:01] [main/INFO]: Registered the cobblemon:properties_tab_completion registry
[10:01:01] [main/INFO]: Registered the cobblemon:spawn_detail_presets registry
[10:01:01] [main/INFO]: Registered the cobblemon:mechanics registry
[10:01:01] [main/INFO]: Registered the cobblemon:bag_items registry
[10:01:01] [main/INFO]: Registered the cobblemon:spawn_pool_world registry
[10:01:01] [main/INFO]: Registered the cobblemon:berries registry
[10:01:01] [main/INFO]: Registered 12 blocks to Adorn
[10:01:01] [main/INFO]: [Dynamic Lights] Loaded Dynamic Lights by Tschipcraft successfully!
[10:01:01] [main/INFO]: Hello Fabric world from Fight or Flight!
[10:01:01] [main/INFO]: Loading Noisium.
[10:01:01] [main/INFO]: Environment: authHost='https://authserver.mojang.com', accountsHost='https://api.mojang.com', sessionHost='https://sessionserver.mojang.com', servicesHost='https://api.minecraftservices.com', name='PROD'
[10:01:03] [main/INFO]: Reading Data for beansbackpacks
[10:01:05] [main/INFO]: Loaded 9 recipes
[10:01:06] [main/INFO]: Loaded 1928 advancements
[10:01:13] [main/INFO]: Loaded 921 moves
[10:01:13] [main/INFO]: Loaded 310 abilities
[10:01:14] [main/INFO]: Finished additions
[10:01:16] [main/INFO]: Imported 185 held item IDs from showdown
[10:01:16] [main/INFO]: Loaded 1017 Pokémon species
[10:01:16] [main/INFO]: Loaded 32 spawn detail presets.
[10:01:16] [main/INFO]: Starting dummy Showdown battle to force it to pre-load data.
[10:01:16] [main/INFO]: Loaded 69 berries
[10:01:18] [main/INFO]: Applied 598 biome modifications to 64 of 64 new biomes in 43.69 ms
[10:01:18] [Server thread/INFO]: Starting minecraft server version 1.20.1
[10:01:18] [Server thread/INFO]: Loading properties
[10:01:18] [Server thread/INFO]: Default game type: SURVIVAL
[10:01:18] [Server thread/INFO]: Generating keypair
[10:01:18] [Server thread/INFO]: Starting Minecraft server on *:25565
[10:01:18] [Server thread/INFO]: Using epoll channel type
[10:01:18] [Server thread/WARN]: **** SERVER IS RUNNING IN OFFLINE/INSECURE MODE!
[10:01:18] [Server thread/WARN]: The server will make no attempt to authenticate usernames. Beware.
[10:01:18] [Server thread/WARN]: While this makes the game possible to play without internet access, it also opens up the ability for hackers to connect with any username they choose.
[10:01:18] [Server thread/WARN]: To change this, set "online-mode" to "true" in the server.properties file.
[10:01:18] [Server thread/INFO]: Preparing level "divinos"
[10:01:19] [Server thread/INFO]: Preparing start region for dimension minecraft:overworld
[10:01:28] [Worker-Main-1/INFO]: Preparing spawn area: 0%
[10:01:28] [Worker-Main-1/INFO]: Preparing spawn area: 0%
[10:01:28] [Worker-Main-1/INFO]: Preparing spawn area: 0%
[10:01:28] [Worker-Main-1/INFO]: Preparing spawn area: 0%
[10:01:28] [Worker-Main-1/INFO]: Preparing spawn area: 0%
[10:01:28] [Worker-Main-1/INFO]: Preparing spawn area: 0%
[10:01:28] [Worker-Main-1/INFO]: Preparing spawn area: 0%
[10:01:28] [Worker-Main-1/INFO]: Preparing spawn area: 0%
[10:01:28] [Worker-Main-1/INFO]: Preparing spawn area: 0%
[10:01:28] [Worker-Main-1/INFO]: Preparing spawn area: 0%
[10:01:28] [Worker-Main-1/INFO]: Preparing spawn area: 0%
[10:01:28] [Worker-Main-1/INFO]: Preparing spawn area: 0%
[10:01:28] [Worker-Main-1/INFO]: Preparing spawn area: 0%
[10:01:28] [Worker-Main-1/INFO]: Preparing spawn area: 0%
[10:01:28] [Worker-Main-1/INFO]: Preparing spawn area: 0%
[10:01:28] [Worker-Main-1/INFO]: Preparing spawn area: 0%
[10:01:28] [Worker-Main-1/INFO]: Preparing spawn area: 0%
[10:01:28] [Worker-Main-1/INFO]: Preparing spawn area: 0%
[10:01:28] [Worker-Main-1/INFO]: Preparing spawn area: 0%
[10:01:28] [Worker-Main-1/INFO]: Preparing spawn area: 0%
[10:01:29] [Worker-Main-1/INFO]: Preparing spawn area: 0%
[10:01:29] [Worker-Main-1/INFO]: Preparing spawn area: 0%
[10:01:30] [Worker-Main-1/INFO]: Preparing spawn area: 0%
[10:01:31] [Server thread/INFO]: Time elapsed: 12365 ms
[10:01:31] [Server thread/INFO]: Done (12.894s)! For help, type "help"
[10:01:35] [Server thread/WARN]: Can't keep up! Is the server overloaded? Running 2099ms or 41 ticks behind
[10:01:46] [Server thread/INFO]: The difficulty did not change; it is already set to peaceful
[10:01:53] [Server thread/INFO]: Stopping the server
[10:01:53] [Server thread/INFO]: Stopping server
[10:01:53] [Server thread/INFO]: Saving players
[10:01:53] [Server thread/INFO]: Saving worlds
[10:01:54] [Server thread/INFO]: Saving chunks for level 'ServerLevel[Divinos 2.0 by Varuna]'/minecraft:overworld
[10:01:54] [Server thread/INFO]: Saving chunks for level 'ServerLevel[Divinos 2.0 by Varuna]'/minecraft:the_nether
[10:01:54] [Server thread/INFO]: Saving chunks for level 'ServerLevel[Divinos 2.0 by Varuna]'/minecraft:the_end
[10:01:54] [Server thread/INFO]: ThreadedAnvilChunkStorage (divinos): All chunks are saved
[10:01:54] [Server thread/INFO]: ThreadedAnvilChunkStorage (DIM-1): All chunks are saved
[10:01:54] [Server thread/INFO]: ThreadedAnvilChunkStorage (DIM1): All chunks are saved
[10:01:54] [Server thread/INFO]: ThreadedAnvilChunkStorage: All dimensions are saved
